{"/home/v/Exercise/unit-test-hw/src/api.js": {"path":"/home/v/Exercise/unit-test-hw/src/api.js","statementMap":{"0":{"start":{"line":1,"column":16},"end":{"line":1,"column":34}},"1":{"start":{"line":2,"column":12},"end":{"line":2,"column":21}},"2":{"start":{"line":3,"column":0},"end":{"line":3,"column":24}},"3":{"start":{"line":5,"column":19},"end":{"line":5,"column":50}},"4":{"start":{"line":6,"column":13},"end":{"line":6,"column":45}},"5":{"start":{"line":7,"column":15},"end":{"line":7,"column":44}},"6":{"start":{"line":9,"column":14},"end":{"line":9,"column":45}},"7":{"start":{"line":11,"column":22},"end":{"line":22,"column":1}},"8":{"start":{"line":26,"column":15},"end":{"line":28,"column":5}},"9":{"start":{"line":30,"column":4},"end":{"line":43,"column":5}},"10":{"start":{"line":31,"column":8},"end":{"line":42,"column":9}},"11":{"start":{"line":32,"column":25},"end":{"line":36,"column":13}},"12":{"start":{"line":34,"column":16},"end":{"line":34,"column":32}},"13":{"start":{"line":35,"column":16},"end":{"line":35,"column":58}},"14":{"start":{"line":37,"column":12},"end":{"line":41,"column":13}},"15":{"start":{"line":38,"column":16},"end":{"line":38,"column":180}},"16":{"start":{"line":38,"column":132},"end":{"line":38,"column":146}},"17":{"start":{"line":38,"column":164},"end":{"line":38,"column":178}},"18":{"start":{"line":39,"column":19},"end":{"line":41,"column":13}},"19":{"start":{"line":40,"column":16},"end":{"line":40,"column":181}},"20":{"start":{"line":40,"column":133},"end":{"line":40,"column":147}},"21":{"start":{"line":40,"column":165},"end":{"line":40,"column":179}},"22":{"start":{"line":45,"column":4},"end":{"line":47,"column":9}},"23":{"start":{"line":46,"column":8},"end":{"line":46,"column":55}},"24":{"start":{"line":50,"column":0},"end":{"line":50,"column":35}}},"fnMap":{"0":{"name":"mainStart","decl":{"start":{"line":24,"column":9},"end":{"line":24,"column":18}},"loc":{"start":{"line":24,"column":21},"end":{"line":48,"column":1}},"line":24},"1":{"name":"(anonymous_1)","decl":{"start":{"line":32,"column":25},"end":{"line":32,"column":26}},"loc":{"start":{"line":33,"column":12},"end":{"line":36,"column":13}},"line":33},"2":{"name":"(anonymous_2)","decl":{"start":{"line":38,"column":118},"end":{"line":38,"column":119}},"loc":{"start":{"line":38,"column":132},"end":{"line":38,"column":146}},"line":38},"3":{"name":"(anonymous_3)","decl":{"start":{"line":38,"column":150},"end":{"line":38,"column":151}},"loc":{"start":{"line":38,"column":164},"end":{"line":38,"column":178}},"line":38},"4":{"name":"(anonymous_4)","decl":{"start":{"line":40,"column":119},"end":{"line":40,"column":120}},"loc":{"start":{"line":40,"column":133},"end":{"line":40,"column":147}},"line":40},"5":{"name":"(anonymous_5)","decl":{"start":{"line":40,"column":151},"end":{"line":40,"column":152}},"loc":{"start":{"line":40,"column":165},"end":{"line":40,"column":179}},"line":40},"6":{"name":"(anonymous_6)","decl":{"start":{"line":45,"column":28},"end":{"line":45,"column":29}},"loc":{"start":{"line":45,"column":34},"end":{"line":47,"column":7}},"line":45}},"branchMap":{"0":{"loc":{"start":{"line":37,"column":12},"end":{"line":41,"column":13}},"type":"if","locations":[{"start":{"line":37,"column":12},"end":{"line":41,"column":13}},{"start":{"line":39,"column":19},"end":{"line":41,"column":13}}],"line":37},"1":{"loc":{"start":{"line":38,"column":29},"end":{"line":38,"column":178}},"type":"cond-expr","locations":[{"start":{"line":38,"column":100},"end":{"line":38,"column":147}},{"start":{"line":38,"column":150},"end":{"line":38,"column":178}}],"line":38},"2":{"loc":{"start":{"line":39,"column":19},"end":{"line":41,"column":13}},"type":"if","locations":[{"start":{"line":39,"column":19},"end":{"line":41,"column":13}},{"start":{},"end":{}}],"line":39},"3":{"loc":{"start":{"line":40,"column":30},"end":{"line":40,"column":179}},"type":"cond-expr","locations":[{"start":{"line":40,"column":101},"end":{"line":40,"column":148}},{"start":{"line":40,"column":151},"end":{"line":40,"column":179}}],"line":40}},"s":{"0":1,"1":1,"2":1,"3":1,"4":1,"5":1,"6":1,"7":1,"8":0,"9":0,"10":0,"11":0,"12":0,"13":0,"14":0,"15":0,"16":0,"17":0,"18":0,"19":0,"20":0,"21":0,"22":0,"23":0,"24":1},"f":{"0":0,"1":0,"2":0,"3":0,"4":0,"5":0,"6":0},"b":{"0":[0,0],"1":[0,0],"2":[0,0],"3":[0,0]},"_coverageSchema":"1a1c01bbd47fc00a2c39e90264f33305004495a9","hash":"7898f881816ea6440690adb458de8d1c811c2327"}
,"/home/v/Exercise/unit-test-hw/src/entities/book.js": {"path":"/home/v/Exercise/unit-test-hw/src/entities/book.js","statementMap":{"0":{"start":{"line":1,"column":13},"end":{"line":1,"column":46}},"1":{"start":{"line":5,"column":8},"end":{"line":5,"column":25}},"2":{"start":{"line":6,"column":8},"end":{"line":6,"column":27}},"3":{"start":{"line":7,"column":8},"end":{"line":7,"column":25}},"4":{"start":{"line":8,"column":8},"end":{"line":8,"column":29}},"5":{"start":{"line":12,"column":8},"end":{"line":12,"column":25}},"6":{"start":{"line":15,"column":8},"end":{"line":15,"column":25}},"7":{"start":{"line":18,"column":8},"end":{"line":18,"column":26}},"8":{"start":{"line":21,"column":8},"end":{"line":21,"column":26}},"9":{"start":{"line":24,"column":8},"end":{"line":24,"column":25}},"10":{"start":{"line":27,"column":8},"end":{"line":27,"column":25}},"11":{"start":{"line":30,"column":8},"end":{"line":30,"column":27}},"12":{"start":{"line":34,"column":8},"end":{"line":34,"column":29}},"13":{"start":{"line":38,"column":30},"end":{"line":43,"column":11}},"14":{"start":{"line":44,"column":25},"end":{"line":44,"column":93}},"15":{"start":{"line":45,"column":8},"end":{"line":45,"column":79}},"16":{"start":{"line":47,"column":8},"end":{"line":47,"column":32}},"17":{"start":{"line":51,"column":26},"end":{"line":51,"column":56}},"18":{"start":{"line":52,"column":8},"end":{"line":73,"column":9}},"19":{"start":{"line":53,"column":30},"end":{"line":58,"column":13}},"20":{"start":{"line":60,"column":12},"end":{"line":62,"column":13}},"21":{"start":{"line":61,"column":16},"end":{"line":61,"column":38}},"22":{"start":{"line":63,"column":34},"end":{"line":68,"column":13}},"23":{"start":{"line":69,"column":12},"end":{"line":69,"column":81}},"24":{"start":{"line":72,"column":12},"end":{"line":72,"column":40}},"25":{"start":{"line":77,"column":24},"end":{"line":77,"column":41}},"26":{"start":{"line":78,"column":8},"end":{"line":80,"column":9}},"27":{"start":{"line":79,"column":12},"end":{"line":79,"column":30}},"28":{"start":{"line":81,"column":30},"end":{"line":81,"column":73}},"29":{"start":{"line":82,"column":8},"end":{"line":82,"column":77}},"30":{"start":{"line":86,"column":30},"end":{"line":86,"column":62}},"31":{"start":{"line":87,"column":23},"end":{"line":87,"column":91}},"32":{"start":{"line":88,"column":8},"end":{"line":88,"column":27}},"33":{"start":{"line":92,"column":30},"end":{"line":92,"column":83}},"34":{"start":{"line":93,"column":23},"end":{"line":93,"column":91}},"35":{"start":{"line":95,"column":8},"end":{"line":95,"column":30}},"36":{"start":{"line":99,"column":8},"end":{"line":104,"column":10}},"37":{"start":{"line":108,"column":0},"end":{"line":108,"column":21}}},"fnMap":{"0":{"name":"(anonymous_0)","decl":{"start":{"line":4,"column":4},"end":{"line":4,"column":5}},"loc":{"start":{"line":4,"column":43},"end":{"line":9,"column":5}},"line":4},"1":{"name":"(anonymous_1)","decl":{"start":{"line":11,"column":4},"end":{"line":11,"column":5}},"loc":{"start":{"line":11,"column":14},"end":{"line":13,"column":5}},"line":11},"2":{"name":"(anonymous_2)","decl":{"start":{"line":14,"column":4},"end":{"line":14,"column":5}},"loc":{"start":{"line":14,"column":18},"end":{"line":16,"column":5}},"line":14},"3":{"name":"(anonymous_3)","decl":{"start":{"line":17,"column":4},"end":{"line":17,"column":5}},"loc":{"start":{"line":17,"column":15},"end":{"line":19,"column":5}},"line":17},"4":{"name":"(anonymous_4)","decl":{"start":{"line":20,"column":4},"end":{"line":20,"column":5}},"loc":{"start":{"line":20,"column":20},"end":{"line":22,"column":5}},"line":20},"5":{"name":"(anonymous_5)","decl":{"start":{"line":23,"column":4},"end":{"line":23,"column":5}},"loc":{"start":{"line":23,"column":14},"end":{"line":25,"column":5}},"line":23},"6":{"name":"(anonymous_6)","decl":{"start":{"line":26,"column":4},"end":{"line":26,"column":5}},"loc":{"start":{"line":26,"column":18},"end":{"line":28,"column":5}},"line":26},"7":{"name":"(anonymous_7)","decl":{"start":{"line":29,"column":4},"end":{"line":29,"column":5}},"loc":{"start":{"line":29,"column":16},"end":{"line":31,"column":5}},"line":29},"8":{"name":"(anonymous_8)","decl":{"start":{"line":33,"column":4},"end":{"line":33,"column":5}},"loc":{"start":{"line":33,"column":22},"end":{"line":35,"column":5}},"line":33},"9":{"name":"(anonymous_9)","decl":{"start":{"line":37,"column":4},"end":{"line":37,"column":5}},"loc":{"start":{"line":37,"column":27},"end":{"line":48,"column":5}},"line":37},"10":{"name":"(anonymous_10)","decl":{"start":{"line":50,"column":4},"end":{"line":50,"column":5}},"loc":{"start":{"line":50,"column":43},"end":{"line":74,"column":5}},"line":50},"11":{"name":"(anonymous_11)","decl":{"start":{"line":76,"column":4},"end":{"line":76,"column":5}},"loc":{"start":{"line":76,"column":41},"end":{"line":83,"column":5}},"line":76},"12":{"name":"(anonymous_12)","decl":{"start":{"line":85,"column":4},"end":{"line":85,"column":5}},"loc":{"start":{"line":85,"column":28},"end":{"line":89,"column":5}},"line":85},"13":{"name":"(anonymous_13)","decl":{"start":{"line":91,"column":4},"end":{"line":91,"column":5}},"loc":{"start":{"line":91,"column":30},"end":{"line":96,"column":5}},"line":91},"14":{"name":"(anonymous_14)","decl":{"start":{"line":98,"column":4},"end":{"line":98,"column":5}},"loc":{"start":{"line":98,"column":22},"end":{"line":105,"column":5}},"line":98}},"branchMap":{"0":{"loc":{"start":{"line":50,"column":27},"end":{"line":50,"column":41}},"type":"default-arg","locations":[{"start":{"line":50,"column":37},"end":{"line":50,"column":41}}],"line":50},"1":{"loc":{"start":{"line":52,"column":8},"end":{"line":73,"column":9}},"type":"if","locations":[{"start":{"line":52,"column":8},"end":{"line":73,"column":9}},{"start":{"line":71,"column":13},"end":{"line":73,"column":9}}],"line":52},"2":{"loc":{"start":{"line":60,"column":12},"end":{"line":62,"column":13}},"type":"if","locations":[{"start":{"line":60,"column":12},"end":{"line":62,"column":13}},{"start":{},"end":{}}],"line":60},"3":{"loc":{"start":{"line":76,"column":27},"end":{"line":76,"column":39}},"type":"default-arg","locations":[{"start":{"line":76,"column":35},"end":{"line":76,"column":39}}],"line":76},"4":{"loc":{"start":{"line":78,"column":8},"end":{"line":80,"column":9}},"type":"if","locations":[{"start":{"line":78,"column":8},"end":{"line":80,"column":9}},{"start":{},"end":{}}],"line":78}},"s":{"0":3,"1":28,"2":28,"3":28,"4":28,"5":11,"6":6,"7":4,"8":1,"9":2,"10":2,"11":3,"12":1,"13":6,"14":6,"15":6,"16":6,"17":3,"18":3,"19":2,"20":2,"21":1,"22":2,"23":2,"24":1,"25":3,"26":3,"27":1,"28":3,"29":3,"30":1,"31":1,"32":1,"33":8,"34":8,"35":8,"36":9,"37":3},"f":{"0":28,"1":11,"2":6,"3":4,"4":1,"5":2,"6":2,"7":3,"8":1,"9":6,"10":3,"11":3,"12":1,"13":8,"14":9},"b":{"0":[2],"1":[2,1],"2":[1,1],"3":[2],"4":[1,2]},"_coverageSchema":"1a1c01bbd47fc00a2c39e90264f33305004495a9","hash":"76a5d4b827b155b803380e692af44c93bbf8e9cf"}
,"/home/v/Exercise/unit-test-hw/src/entities/library.js": {"path":"/home/v/Exercise/unit-test-hw/src/entities/library.js","statementMap":{"0":{"start":{"line":1,"column":13},"end":{"line":1,"column":46}},"1":{"start":{"line":2,"column":13},"end":{"line":2,"column":30}},"2":{"start":{"line":6,"column":8},"end":{"line":6,"column":23}},"3":{"start":{"line":7,"column":8},"end":{"line":7,"column":25}},"4":{"start":{"line":8,"column":8},"end":{"line":8,"column":24}},"5":{"start":{"line":12,"column":8},"end":{"line":12,"column":25}},"6":{"start":{"line":16,"column":8},"end":{"line":16,"column":25}},"7":{"start":{"line":20,"column":8},"end":{"line":20,"column":84}},"8":{"start":{"line":21,"column":8},"end":{"line":21,"column":30}},"9":{"start":{"line":25,"column":8},"end":{"line":25,"column":26}},"10":{"start":{"line":29,"column":30},"end":{"line":29,"column":82}},"11":{"start":{"line":30,"column":32},"end":{"line":30,"column":100}},"12":{"start":{"line":31,"column":8},"end":{"line":31,"column":85}},"13":{"start":{"line":32,"column":8},"end":{"line":32,"column":45}},"14":{"start":{"line":34,"column":8},"end":{"line":34,"column":39}},"15":{"start":{"line":38,"column":27},"end":{"line":38,"column":29}},"16":{"start":{"line":39,"column":8},"end":{"line":41,"column":9}},"17":{"start":{"line":40,"column":12},"end":{"line":40,"column":52}},"18":{"start":{"line":42,"column":8},"end":{"line":42,"column":26}},"19":{"start":{"line":46,"column":8},"end":{"line":46,"column":89}},"20":{"start":{"line":47,"column":29},"end":{"line":47,"column":31}},"21":{"start":{"line":49,"column":8},"end":{"line":54,"column":9}},"22":{"start":{"line":50,"column":12},"end":{"line":53,"column":15}},"23":{"start":{"line":56,"column":8},"end":{"line":56,"column":28}},"24":{"start":{"line":60,"column":8},"end":{"line":60,"column":89}},"25":{"start":{"line":61,"column":30},"end":{"line":61,"column":85}},"26":{"start":{"line":63,"column":30},"end":{"line":63,"column":98}},"27":{"start":{"line":64,"column":8},"end":{"line":64,"column":34}},"28":{"start":{"line":68,"column":30},"end":{"line":68,"column":99}},"29":{"start":{"line":70,"column":37},"end":{"line":70,"column":105}},"30":{"start":{"line":71,"column":8},"end":{"line":71,"column":41}},"31":{"start":{"line":75,"column":0},"end":{"line":75,"column":25}}},"fnMap":{"0":{"name":"(anonymous_0)","decl":{"start":{"line":5,"column":4},"end":{"line":5,"column":5}},"loc":{"start":{"line":5,"column":22},"end":{"line":9,"column":5}},"line":5},"1":{"name":"(anonymous_1)","decl":{"start":{"line":11,"column":4},"end":{"line":11,"column":5}},"loc":{"start":{"line":11,"column":18},"end":{"line":13,"column":5}},"line":11},"2":{"name":"(anonymous_2)","decl":{"start":{"line":15,"column":4},"end":{"line":15,"column":5}},"loc":{"start":{"line":15,"column":14},"end":{"line":17,"column":5}},"line":15},"3":{"name":"(anonymous_3)","decl":{"start":{"line":19,"column":4},"end":{"line":19,"column":5}},"loc":{"start":{"line":19,"column":18},"end":{"line":22,"column":5}},"line":19},"4":{"name":"(anonymous_4)","decl":{"start":{"line":24,"column":4},"end":{"line":24,"column":5}},"loc":{"start":{"line":24,"column":15},"end":{"line":26,"column":5}},"line":24},"5":{"name":"(anonymous_5)","decl":{"start":{"line":28,"column":4},"end":{"line":28,"column":5}},"loc":{"start":{"line":28,"column":28},"end":{"line":35,"column":5}},"line":28},"6":{"name":"(anonymous_6)","decl":{"start":{"line":37,"column":4},"end":{"line":37,"column":5}},"loc":{"start":{"line":37,"column":26},"end":{"line":43,"column":5}},"line":37},"7":{"name":"(anonymous_7)","decl":{"start":{"line":45,"column":4},"end":{"line":45,"column":5}},"loc":{"start":{"line":45,"column":33},"end":{"line":57,"column":5}},"line":45},"8":{"name":"(anonymous_8)","decl":{"start":{"line":59,"column":4},"end":{"line":59,"column":5}},"loc":{"start":{"line":59,"column":26},"end":{"line":65,"column":5}},"line":59},"9":{"name":"(anonymous_9)","decl":{"start":{"line":67,"column":4},"end":{"line":67,"column":5}},"loc":{"start":{"line":67,"column":33},"end":{"line":72,"column":5}},"line":67}},"branchMap":{},"s":{"0":1,"1":1,"2":11,"3":11,"4":11,"5":1,"6":3,"7":12,"8":11,"9":1,"10":4,"11":4,"12":4,"13":4,"14":4,"15":2,"16":2,"17":4,"18":2,"19":4,"20":2,"21":2,"22":4,"23":2,"24":1,"25":1,"26":1,"27":1,"28":1,"29":1,"30":1,"31":1},"f":{"0":11,"1":1,"2":3,"3":12,"4":1,"5":4,"6":2,"7":4,"8":1,"9":1},"b":{},"_coverageSchema":"1a1c01bbd47fc00a2c39e90264f33305004495a9","hash":"88dc2fd589085729f68ab635c0db573f81464d53"}
,"/home/v/Exercise/unit-test-hw/src/routing/book-route.js": {"path":"/home/v/Exercise/unit-test-hw/src/routing/book-route.js","statementMap":{"0":{"start":{"line":1,"column":13},"end":{"line":1,"column":40}},"1":{"start":{"line":4,"column":4},"end":{"line":4,"column":43}},"2":{"start":{"line":5,"column":17},"end":{"line":5,"column":88}},"3":{"start":{"line":6,"column":24},"end":{"line":6,"column":55}},"4":{"start":{"line":8,"column":4},"end":{"line":8,"column":26}},"5":{"start":{"line":12,"column":17},"end":{"line":12,"column":52}},"6":{"start":{"line":13,"column":4},"end":{"line":13,"column":40}},"7":{"start":{"line":17,"column":17},"end":{"line":17,"column":52}},"8":{"start":{"line":18,"column":4},"end":{"line":18,"column":30}},"9":{"start":{"line":19,"column":4},"end":{"line":19,"column":28}},"10":{"start":{"line":22,"column":0},"end":{"line":22,"column":38}}},"fnMap":{"0":{"name":"createBook","decl":{"start":{"line":3,"column":15},"end":{"line":3,"column":25}},"loc":{"start":{"line":3,"column":36},"end":{"line":9,"column":1}},"line":3},"1":{"name":"getBook","decl":{"start":{"line":11,"column":9},"end":{"line":11,"column":16}},"loc":{"start":{"line":11,"column":27},"end":{"line":14,"column":1}},"line":11},"2":{"name":"deleteBook","decl":{"start":{"line":16,"column":9},"end":{"line":16,"column":19}},"loc":{"start":{"line":16,"column":30},"end":{"line":20,"column":1}},"line":16}},"branchMap":{},"s":{"0":1,"1":0,"2":0,"3":0,"4":0,"5":0,"6":0,"7":0,"8":0,"9":0,"10":1},"f":{"0":0,"1":0,"2":0},"b":{},"_coverageSchema":"1a1c01bbd47fc00a2c39e90264f33305004495a9","hash":"d94456555fa1787fc720aeb842056f5b1fd96f2b"}
,"/home/v/Exercise/unit-test-hw/src/utilities/config.js": {"path":"/home/v/Exercise/unit-test-hw/src/utilities/config.js","statementMap":{"0":{"start":{"line":1,"column":13},"end":{"line":11,"column":1}},"1":{"start":{"line":13,"column":0},"end":{"line":13,"column":24}}},"fnMap":{},"branchMap":{},"s":{"0":4,"1":4},"f":{},"b":{},"_coverageSchema":"1a1c01bbd47fc00a2c39e90264f33305004495a9","hash":"28186d10e1a6bd3a09daa6934b9b0c9c407897a0"}
,"/home/v/Exercise/unit-test-hw/src/utilities/database.js": {"path":"/home/v/Exercise/unit-test-hw/src/utilities/database.js","statementMap":{"0":{"start":{"line":1,"column":13},"end":{"line":1,"column":32}},"1":{"start":{"line":2,"column":17},"end":{"line":2,"column":30}},"2":{"start":{"line":4,"column":20},"end":{"line":13,"column":1}},"3":{"start":{"line":15,"column":19},"end":{"line":15,"column":40}},"4":{"start":{"line":17,"column":0},"end":{"line":17,"column":28}}},"fnMap":{},"branchMap":{},"s":{"0":1,"1":1,"2":1,"3":1,"4":1},"f":{},"b":{},"_coverageSchema":"1a1c01bbd47fc00a2c39e90264f33305004495a9","hash":"291cb94756450d4cb7a28c6bdb3e3e285bae148f"}
,"/home/v/Exercise/unit-test-hw/src/utilities/functions.js": {"path":"/home/v/Exercise/unit-test-hw/src/utilities/functions.js","statementMap":{"0":{"start":{"line":1,"column":15},"end":{"line":1,"column":34}},"1":{"start":{"line":4,"column":16},"end":{"line":6,"column":5}},"2":{"start":{"line":7,"column":27},"end":{"line":7,"column":28}},"3":{"start":{"line":8,"column":4},"end":{"line":28,"column":5}},"4":{"start":{"line":10,"column":8},"end":{"line":10,"column":27}},"5":{"start":{"line":11,"column":8},"end":{"line":11,"column":37}},"6":{"start":{"line":12,"column":28},"end":{"line":12,"column":32}},"7":{"start":{"line":13,"column":8},"end":{"line":25,"column":9}},"8":{"start":{"line":14,"column":12},"end":{"line":14,"column":43}},"9":{"start":{"line":15,"column":12},"end":{"line":21,"column":13}},"10":{"start":{"line":16,"column":16},"end":{"line":18,"column":17}},"11":{"start":{"line":17,"column":20},"end":{"line":17,"column":47}},"12":{"start":{"line":19,"column":16},"end":{"line":19,"column":51}},"13":{"start":{"line":20,"column":16},"end":{"line":20,"column":69}},"14":{"start":{"line":22,"column":12},"end":{"line":22,"column":34}},"15":{"start":{"line":23,"column":12},"end":{"line":23,"column":75}},"16":{"start":{"line":24,"column":12},"end":{"line":24,"column":44}},"17":{"start":{"line":26,"column":8},"end":{"line":26,"column":51}},"18":{"start":{"line":27,"column":8},"end":{"line":27,"column":71}},"19":{"start":{"line":29,"column":4},"end":{"line":36,"column":5}},"20":{"start":{"line":30,"column":8},"end":{"line":30,"column":26}},"21":{"start":{"line":31,"column":8},"end":{"line":34,"column":9}},"22":{"start":{"line":32,"column":12},"end":{"line":32,"column":63}},"23":{"start":{"line":33,"column":12},"end":{"line":33,"column":57}},"24":{"start":{"line":35,"column":8},"end":{"line":35,"column":49}},"25":{"start":{"line":37,"column":4},"end":{"line":44,"column":5}},"26":{"start":{"line":38,"column":8},"end":{"line":38,"column":34}},"27":{"start":{"line":39,"column":8},"end":{"line":42,"column":9}},"28":{"start":{"line":40,"column":12},"end":{"line":40,"column":69}},"29":{"start":{"line":41,"column":12},"end":{"line":41,"column":59}},"30":{"start":{"line":43,"column":8},"end":{"line":43,"column":53}},"31":{"start":{"line":46,"column":4},"end":{"line":46,"column":17}},"32":{"start":{"line":50,"column":23},"end":{"line":50,"column":59}},"33":{"start":{"line":51,"column":16},"end":{"line":54,"column":27}},"34":{"start":{"line":56,"column":4},"end":{"line":56,"column":63}},"35":{"start":{"line":60,"column":23},"end":{"line":60,"column":57}},"36":{"start":{"line":61,"column":16},"end":{"line":64,"column":16}},"37":{"start":{"line":66,"column":4},"end":{"line":66,"column":63}},"38":{"start":{"line":70,"column":4},"end":{"line":72,"column":5}},"39":{"start":{"line":71,"column":8},"end":{"line":71,"column":15}},"40":{"start":{"line":73,"column":23},"end":{"line":73,"column":77}},"41":{"start":{"line":75,"column":16},"end":{"line":78,"column":27}},"42":{"start":{"line":80,"column":4},"end":{"line":80,"column":63}},"43":{"start":{"line":84,"column":4},"end":{"line":86,"column":5}},"44":{"start":{"line":85,"column":8},"end":{"line":85,"column":15}},"45":{"start":{"line":88,"column":23},"end":{"line":88,"column":59}},"46":{"start":{"line":90,"column":16},"end":{"line":93,"column":27}},"47":{"start":{"line":95,"column":4},"end":{"line":95,"column":63}},"48":{"start":{"line":99,"column":4},"end":{"line":101,"column":5}},"49":{"start":{"line":100,"column":8},"end":{"line":100,"column":87}},"50":{"start":{"line":102,"column":4},"end":{"line":102,"column":23}},"51":{"start":{"line":106,"column":4},"end":{"line":108,"column":5}},"52":{"start":{"line":107,"column":8},"end":{"line":107,"column":25}},"53":{"start":{"line":109,"column":4},"end":{"line":109,"column":11}},"54":{"start":{"line":112,"column":21},"end":{"line":118,"column":1}},"55":{"start":{"line":112,"column":27},"end":{"line":118,"column":1}},"56":{"start":{"line":113,"column":4},"end":{"line":117,"column":11}},"57":{"start":{"line":116,"column":12},"end":{"line":116,"column":37}},"58":{"start":{"line":121,"column":4},"end":{"line":127,"column":5}},"59":{"start":{"line":122,"column":8},"end":{"line":126,"column":9}},"60":{"start":{"line":123,"column":12},"end":{"line":123,"column":28}},"61":{"start":{"line":124,"column":12},"end":{"line":124,"column":41}},"62":{"start":{"line":125,"column":12},"end":{"line":125,"column":19}},"63":{"start":{"line":128,"column":4},"end":{"line":128,"column":34}},"64":{"start":{"line":132,"column":0},"end":{"line":132,"column":125}}},"fnMap":{"0":{"name":"queryPrepare","decl":{"start":{"line":3,"column":9},"end":{"line":3,"column":21}},"loc":{"start":{"line":3,"column":30},"end":{"line":47,"column":1}},"line":3},"1":{"name":"prepareSelect","decl":{"start":{"line":49,"column":9},"end":{"line":49,"column":22}},"loc":{"start":{"line":49,"column":53},"end":{"line":57,"column":1}},"line":49},"2":{"name":"prepareInsert","decl":{"start":{"line":59,"column":9},"end":{"line":59,"column":22}},"loc":{"start":{"line":59,"column":38},"end":{"line":67,"column":1}},"line":59},"3":{"name":"prepareUpdate","decl":{"start":{"line":69,"column":9},"end":{"line":69,"column":22}},"loc":{"start":{"line":69,"column":50},"end":{"line":81,"column":1}},"line":69},"4":{"name":"prepareDeleteBooks","decl":{"start":{"line":83,"column":9},"end":{"line":83,"column":27}},"loc":{"start":{"line":83,"column":46},"end":{"line":96,"column":1}},"line":83},"5":{"name":"getReplaceTemplate","decl":{"start":{"line":98,"column":9},"end":{"line":98,"column":27}},"loc":{"start":{"line":98,"column":55},"end":{"line":103,"column":1}},"line":98},"6":{"name":"ASSERT","decl":{"start":{"line":105,"column":9},"end":{"line":105,"column":15}},"loc":{"start":{"line":105,"column":51},"end":{"line":110,"column":1}},"line":105},"7":{"name":"(anonymous_7)","decl":{"start":{"line":112,"column":21},"end":{"line":112,"column":22}},"loc":{"start":{"line":112,"column":27},"end":{"line":118,"column":1}},"line":112},"8":{"name":"(anonymous_8)","decl":{"start":{"line":112,"column":27},"end":{"line":112,"column":28}},"loc":{"start":{"line":112,"column":47},"end":{"line":118,"column":1}},"line":112},"9":{"name":"(anonymous_9)","decl":{"start":{"line":115,"column":15},"end":{"line":115,"column":16}},"loc":{"start":{"line":115,"column":20},"end":{"line":117,"column":9}},"line":115},"10":{"name":"handleError","decl":{"start":{"line":120,"column":9},"end":{"line":120,"column":20}},"loc":{"start":{"line":120,"column":36},"end":{"line":129,"column":1}},"line":120}},"branchMap":{"0":{"loc":{"start":{"line":8,"column":4},"end":{"line":28,"column":5}},"type":"if","locations":[{"start":{"line":8,"column":4},"end":{"line":28,"column":5}},{"start":{},"end":{}}],"line":8},"1":{"loc":{"start":{"line":8,"column":8},"end":{"line":8,"column":77}},"type":"binary-expr","locations":[{"start":{"line":8,"column":8},"end":{"line":8,"column":30}},{"start":{"line":8,"column":34},"end":{"line":8,"column":77}}],"line":8},"2":{"loc":{"start":{"line":16,"column":16},"end":{"line":18,"column":17}},"type":"if","locations":[{"start":{"line":16,"column":16},"end":{"line":18,"column":17}},{"start":{},"end":{}}],"line":16},"3":{"loc":{"start":{"line":29,"column":4},"end":{"line":36,"column":5}},"type":"if","locations":[{"start":{"line":29,"column":4},"end":{"line":36,"column":5}},{"start":{},"end":{}}],"line":29},"4":{"loc":{"start":{"line":29,"column":8},"end":{"line":29,"column":71}},"type":"binary-expr","locations":[{"start":{"line":29,"column":8},"end":{"line":29,"column":27}},{"start":{"line":29,"column":31},"end":{"line":29,"column":71}}],"line":29},"5":{"loc":{"start":{"line":37,"column":4},"end":{"line":44,"column":5}},"type":"if","locations":[{"start":{"line":37,"column":4},"end":{"line":44,"column":5}},{"start":{},"end":{}}],"line":37},"6":{"loc":{"start":{"line":37,"column":8},"end":{"line":37,"column":109}},"type":"binary-expr","locations":[{"start":{"line":37,"column":8},"end":{"line":37,"column":29}},{"start":{"line":37,"column":33},"end":{"line":37,"column":63}},{"start":{"line":37,"column":67},"end":{"line":37,"column":109}}],"line":37},"7":{"loc":{"start":{"line":70,"column":4},"end":{"line":72,"column":5}},"type":"if","locations":[{"start":{"line":70,"column":4},"end":{"line":72,"column":5}},{"start":{},"end":{}}],"line":70},"8":{"loc":{"start":{"line":70,"column":8},"end":{"line":70,"column":80}},"type":"binary-expr","locations":[{"start":{"line":70,"column":8},"end":{"line":70,"column":41}},{"start":{"line":70,"column":45},"end":{"line":70,"column":80}}],"line":70},"9":{"loc":{"start":{"line":84,"column":4},"end":{"line":86,"column":5}},"type":"if","locations":[{"start":{"line":84,"column":4},"end":{"line":86,"column":5}},{"start":{},"end":{}}],"line":84},"10":{"loc":{"start":{"line":105,"column":27},"end":{"line":105,"column":49}},"type":"default-arg","locations":[{"start":{"line":105,"column":33},"end":{"line":105,"column":49}}],"line":105},"11":{"loc":{"start":{"line":106,"column":4},"end":{"line":108,"column":5}},"type":"if","locations":[{"start":{"line":106,"column":4},"end":{"line":108,"column":5}},{"start":{},"end":{}}],"line":106},"12":{"loc":{"start":{"line":121,"column":4},"end":{"line":127,"column":5}},"type":"if","locations":[{"start":{"line":121,"column":4},"end":{"line":127,"column":5}},{"start":{},"end":{}}],"line":121},"13":{"loc":{"start":{"line":122,"column":8},"end":{"line":126,"column":9}},"type":"if","locations":[{"start":{"line":122,"column":8},"end":{"line":126,"column":9}},{"start":{},"end":{}}],"line":122}},"s":{"0":4,"1":31,"2":31,"3":31,"4":14,"5":14,"6":14,"7":14,"8":17,"9":17,"10":52,"11":42,"12":52,"13":52,"14":17,"15":17,"16":17,"17":14,"18":14,"19":31,"20":3,"21":3,"22":8,"23":8,"24":3,"25":31,"26":16,"27":16,"28":18,"29":18,"30":16,"31":31,"32":10,"33":10,"34":10,"35":14,"36":14,"37":14,"38":5,"39":2,"40":3,"41":3,"42":3,"43":5,"44":1,"45":4,"46":4,"47":4,"48":1,"49":3,"50":1,"51":30,"52":5,"53":25,"54":4,"55":0,"56":0,"57":0,"58":0,"59":0,"60":0,"61":0,"62":0,"63":0,"64":4},"f":{"0":31,"1":10,"2":14,"3":5,"4":5,"5":1,"6":30,"7":0,"8":0,"9":0,"10":0},"b":{"0":[14,17],"1":[31,14],"2":[42,10],"3":[3,28],"4":[31,3],"5":[16,15],"6":[31,17,16],"7":[2,3],"8":[5,4],"9":[1,4],"10":[2],"11":[5,25],"12":[0,0],"13":[0,0]},"_coverageSchema":"1a1c01bbd47fc00a2c39e90264f33305004495a9","hash":"0295830cdb4602bbd7e07a30a81c68dff4ced3d9"}
,"/home/v/Exercise/unit-test-hw/src/utilities/test-database.js": {"path":"/home/v/Exercise/unit-test-hw/src/utilities/test-database.js","statementMap":{"0":{"start":{"line":1,"column":13},"end":{"line":1,"column":32}},"1":{"start":{"line":2,"column":24},"end":{"line":2,"column":37}},"2":{"start":{"line":4,"column":20},"end":{"line":13,"column":1}},"3":{"start":{"line":15,"column":0},"end":{"line":15,"column":34}},"4":{"start":{"line":17,"column":19},"end":{"line":17,"column":40}},"5":{"start":{"line":19,"column":0},"end":{"line":19,"column":28}}},"fnMap":{},"branchMap":{},"s":{"0":3,"1":3,"2":3,"3":3,"4":3,"5":3},"f":{},"b":{},"_coverageSchema":"1a1c01bbd47fc00a2c39e90264f33305004495a9","hash":"8efda410d554f3be2cab3403f5130ca3ebaaa78b"}
}
