TN:
SF:src/api.js
FN:24,mainStart
FN:32,(anonymous_1)
FN:38,(anonymous_2)
FN:38,(anonymous_3)
FN:40,(anonymous_4)
FN:40,(anonymous_5)
FN:45,(anonymous_6)
FNF:7
FNH:0
FNDA:0,mainStart
FNDA:0,(anonymous_1)
FNDA:0,(anonymous_2)
FNDA:0,(anonymous_3)
FNDA:0,(anonymous_4)
FNDA:0,(anonymous_5)
FNDA:0,(anonymous_6)
DA:1,1
DA:2,1
DA:3,1
DA:5,1
DA:6,1
DA:7,1
DA:9,1
DA:11,1
DA:26,0
DA:30,0
DA:31,0
DA:32,0
DA:34,0
DA:35,0
DA:37,0
DA:38,0
DA:39,0
DA:40,0
DA:45,0
DA:46,0
DA:50,1
LF:21
LH:9
BRDA:37,0,0,0
BRDA:37,0,1,0
BRDA:38,1,0,0
BRDA:38,1,1,0
BRDA:39,2,0,0
BRDA:39,2,1,0
BRDA:40,3,0,0
BRDA:40,3,1,0
BRF:8
BRH:0
end_of_record
TN:
SF:src/entities/book.js
FN:4,(anonymous_0)
FN:11,(anonymous_1)
FN:14,(anonymous_2)
FN:17,(anonymous_3)
FN:20,(anonymous_4)
FN:23,(anonymous_5)
FN:26,(anonymous_6)
FN:29,(anonymous_7)
FN:33,(anonymous_8)
FN:37,(anonymous_9)
FN:50,(anonymous_10)
FN:76,(anonymous_11)
FN:85,(anonymous_12)
FN:91,(anonymous_13)
FN:98,(anonymous_14)
FNF:15
FNH:15
FNDA:28,(anonymous_0)
FNDA:11,(anonymous_1)
FNDA:6,(anonymous_2)
FNDA:4,(anonymous_3)
FNDA:1,(anonymous_4)
FNDA:2,(anonymous_5)
FNDA:2,(anonymous_6)
FNDA:3,(anonymous_7)
FNDA:1,(anonymous_8)
FNDA:6,(anonymous_9)
FNDA:3,(anonymous_10)
FNDA:3,(anonymous_11)
FNDA:1,(anonymous_12)
FNDA:8,(anonymous_13)
FNDA:9,(anonymous_14)
DA:1,3
DA:5,28
DA:6,28
DA:7,28
DA:8,28
DA:12,11
DA:15,6
DA:18,4
DA:21,1
DA:24,2
DA:27,2
DA:30,3
DA:34,1
DA:38,6
DA:44,6
DA:45,6
DA:47,6
DA:51,3
DA:52,3
DA:53,2
DA:60,2
DA:61,1
DA:63,2
DA:69,2
DA:72,1
DA:77,3
DA:78,3
DA:79,1
DA:81,3
DA:82,3
DA:86,1
DA:87,1
DA:88,1
DA:92,8
DA:93,8
DA:95,8
DA:99,9
DA:108,3
LF:38
LH:38
BRDA:50,0,0,2
BRDA:52,1,0,2
BRDA:52,1,1,1
BRDA:60,2,0,1
BRDA:60,2,1,1
BRDA:76,3,0,2
BRDA:78,4,0,1
BRDA:78,4,1,2
BRF:8
BRH:8
end_of_record
TN:
SF:src/entities/library.js
FN:5,(anonymous_0)
FN:11,(anonymous_1)
FN:15,(anonymous_2)
FN:19,(anonymous_3)
FN:24,(anonymous_4)
FN:28,(anonymous_5)
FN:37,(anonymous_6)
FN:45,(anonymous_7)
FN:59,(anonymous_8)
FN:67,(anonymous_9)
FNF:10
FNH:10
FNDA:11,(anonymous_0)
FNDA:1,(anonymous_1)
FNDA:3,(anonymous_2)
FNDA:12,(anonymous_3)
FNDA:1,(anonymous_4)
FNDA:4,(anonymous_5)
FNDA:2,(anonymous_6)
FNDA:4,(anonymous_7)
FNDA:1,(anonymous_8)
FNDA:1,(anonymous_9)
DA:1,1
DA:2,1
DA:6,11
DA:7,11
DA:8,11
DA:12,1
DA:16,3
DA:20,12
DA:21,11
DA:25,1
DA:29,4
DA:30,4
DA:31,4
DA:32,4
DA:34,4
DA:38,2
DA:39,2
DA:40,4
DA:42,2
DA:46,4
DA:47,2
DA:49,2
DA:50,4
DA:56,2
DA:60,1
DA:61,1
DA:63,1
DA:64,1
DA:68,1
DA:70,1
DA:71,1
DA:75,1
LF:32
LH:32
BRF:0
BRH:0
end_of_record
TN:
SF:src/routing/book-route.js
FN:3,createBook
FN:11,getBook
FN:16,deleteBook
FNF:3
FNH:0
FNDA:0,createBook
FNDA:0,getBook
FNDA:0,deleteBook
DA:1,1
DA:4,0
DA:5,0
DA:6,0
DA:8,0
DA:12,0
DA:13,0
DA:17,0
DA:18,0
DA:19,0
DA:22,1
LF:11
LH:2
BRF:0
BRH:0
end_of_record
TN:
SF:src/utilities/config.js
FNF:0
FNH:0
DA:1,4
DA:13,4
LF:2
LH:2
BRF:0
BRH:0
end_of_record
TN:
SF:src/utilities/database.js
FNF:0
FNH:0
DA:1,1
DA:2,1
DA:4,1
DA:15,1
DA:17,1
LF:5
LH:5
BRF:0
BRH:0
end_of_record
TN:
SF:src/utilities/functions.js
FN:3,queryPrepare
FN:49,prepareSelect
FN:59,prepareInsert
FN:69,prepareUpdate
FN:83,prepareDeleteBooks
FN:98,getReplaceTemplate
FN:105,ASSERT
FN:112,(anonymous_7)
FN:112,(anonymous_8)
FN:115,(anonymous_9)
FN:120,handleError
FNF:11
FNH:7
FNDA:31,queryPrepare
FNDA:10,prepareSelect
FNDA:14,prepareInsert
FNDA:5,prepareUpdate
FNDA:5,prepareDeleteBooks
FNDA:1,getReplaceTemplate
FNDA:30,ASSERT
FNDA:0,(anonymous_7)
FNDA:0,(anonymous_8)
FNDA:0,(anonymous_9)
FNDA:0,handleError
DA:1,4
DA:4,31
DA:7,31
DA:8,31
DA:10,14
DA:11,14
DA:12,14
DA:13,14
DA:14,17
DA:15,17
DA:16,52
DA:17,42
DA:19,52
DA:20,52
DA:22,17
DA:23,17
DA:24,17
DA:26,14
DA:27,14
DA:29,31
DA:30,3
DA:31,3
DA:32,8
DA:33,8
DA:35,3
DA:37,31
DA:38,16
DA:39,16
DA:40,18
DA:41,18
DA:43,16
DA:46,31
DA:50,10
DA:51,10
DA:56,10
DA:60,14
DA:61,14
DA:66,14
DA:70,5
DA:71,2
DA:73,3
DA:75,3
DA:80,3
DA:84,5
DA:85,1
DA:88,4
DA:90,4
DA:95,4
DA:99,1
DA:100,3
DA:102,1
DA:106,30
DA:107,5
DA:109,25
DA:112,4
DA:113,0
DA:116,0
DA:121,0
DA:122,0
DA:123,0
DA:124,0
DA:125,0
DA:128,0
DA:132,4
LF:64
LH:56
BRDA:8,0,0,14
BRDA:8,0,1,17
BRDA:8,1,0,31
BRDA:8,1,1,14
BRDA:16,2,0,42
BRDA:16,2,1,10
BRDA:29,3,0,3
BRDA:29,3,1,28
BRDA:29,4,0,31
BRDA:29,4,1,3
BRDA:37,5,0,16
BRDA:37,5,1,15
BRDA:37,6,0,31
BRDA:37,6,1,17
BRDA:37,6,2,16
BRDA:70,7,0,2
BRDA:70,7,1,3
BRDA:70,8,0,5
BRDA:70,8,1,4
BRDA:84,9,0,1
BRDA:84,9,1,4
BRDA:105,10,0,2
BRDA:106,11,0,5
BRDA:106,11,1,25
BRDA:121,12,0,0
BRDA:121,12,1,0
BRDA:122,13,0,0
BRDA:122,13,1,0
BRF:28
BRH:24
end_of_record
TN:
SF:src/utilities/test-database.js
FNF:0
FNH:0
DA:1,3
DA:2,3
DA:4,3
DA:15,3
DA:17,3
DA:19,3
LF:6
LH:6
BRF:0
BRH:0
end_of_record
